# JRE version: Java(TM) SE Runtime Environment (8.0_371) (build 1.8.0_371-b11)
# Java VM: Java HotSpot(TM) 64-Bit Server VM (25.371-b11 mixed mode windows-amd64 compressed oops)
Heap:
 PSYoungGen      total 153088K, used 153087K [0x0000000715b00000, 0x0000000720580000, 0x00000007c0000000)
  eden space 131584K, 100% used [0x0000000715b00000,0x000000071db80000,0x000000071db80000)
  from space 21504K, 99% used [0x000000071db80000,0x000000071f07fdd0,0x000000071f080000)
  to   space 21504K, 99% used [0x000000071f080000,0x000000072057e290,0x0000000720580000)
 ParOldGen       total 349696K, used 40301K [0x00000005c1000000, 0x00000005d6580000, 0x0000000715b00000)
  object space 349696K, 11% used [0x00000005c1000000,0x00000005c375b508,0x00000005d6580000)
 Metaspace       used 18055K, capacity 18446K, committed 18560K, reserved 1067008K
  class space    used 1809K, capacity 1911K, committed 1920K, reserved 1048576K
GC Heap History (7 events):
Event: 3.972 GC heap before
{Heap before GC invocations=1 (full 0):
 PSYoungGen      total 153088K, used 131584K [0x0000000715b00000, 0x0000000720580000, 0x00000007c0000000)
  eden space 131584K, 100% used [0x0000000715b00000,0x000000071db80000,0x000000071db80000)
  from space 21504K, 0% used [0x000000071f080000,0x000000071f080000,0x0000000720580000)
  to   space 21504K, 0% used [0x000000071db80000,0x000000071db80000,0x000000071f080000)
 ParOldGen       total 349696K, used 0K [0x00000005c1000000, 0x00000005d6580000, 0x0000000715b00000)
  object space 349696K, 0% used [0x00000005c1000000,0x00000005c1000000,0x00000005d6580000)
 Metaspace       used 13603K, capacity 13998K, committed 14208K, reserved 1062912K
  class space    used 1503K, capacity 1623K, committed 1664K, reserved 1048576K
Event: 3.978 GC heap after
Heap after GC invocations=1 (full 0):
 PSYoungGen      total 153088K, used 7299K [0x0000000715b00000, 0x0000000720580000, 0x00000007c0000000)
  eden space 131584K, 0% used [0x0000000715b00000,0x0000000715b00000,0x000000071db80000)
  from space 21504K, 33% used [0x000000071db80000,0x000000071e2a0e58,0x000000071f080000)
  to   space 21504K, 0% used [0x000000071f080000,0x000000071f080000,0x0000000720580000)
 ParOldGen       total 349696K, used 96K [0x00000005c1000000, 0x00000005d6580000, 0x0000000715b00000)
  object space 349696K, 0% used [0x00000005c1000000,0x00000005c1018010,0x00000005d6580000)
 Metaspace       used 13603K, capacity 13998K, committed 14208K, reserved 1062912K
  class space    used 1503K, capacity 1623K, committed 1664K, reserved 1048576K
}
Event: 4.852 GC heap before
{Heap before GC invocations=2 (full 0):
 PSYoungGen      total 153088K, used 138883K [0x0000000715b00000, 0x0000000720580000, 0x00000007c0000000)
  eden space 131584K, 100% used [0x0000000715b00000,0x000000071db80000,0x000000071db80000)
  from space 21504K, 33% used [0x000000071db80000,0x000000071e2a0e58,0x000000071f080000)
  to   space 21504K, 0% used [0x000000071f080000,0x000000071f080000,0x0000000720580000)
 ParOldGen       total 349696K, used 96K [0x00000005c1000000, 0x00000005d6580000, 0x0000000715b00000)
  object space 349696K, 0% used [0x00000005c1000000,0x00000005c1018010,0x00000005d6580000)
 Metaspace       used 15794K, capacity 16142K, committed 16384K, reserved 1064960K
  class space    used 1667K, capacity 1783K, committed 1792K, reserved 1048576K
Event: 4.866 GC heap after
Heap after GC invocations=2 (full 0):
 PSYoungGen      total 153088K, used 21478K [0x0000000715b00000, 0x0000000720580000, 0x00000007c0000000)
  eden space 131584K, 0% used [0x0000000715b00000,0x0000000715b00000,0x000000071db80000)
  from space 21504K, 99% used [0x000000071f080000,0x0000000720579818,0x0000000720580000)
  to   space 21504K, 0% used [0x000000071db80000,0x000000071db80000,0x000000071f080000)
 ParOldGen       total 349696K, used 18881K [0x00000005c1000000, 0x00000005d6580000, 0x0000000715b00000)
  object space 349696K, 5% used [0x00000005c1000000,0x00000005c2270418,0x00000005d6580000)
 Metaspace       used 15794K, capacity 16142K, committed 16384K, reserved 1064960K
  class space    used 1667K, capacity 1783K, committed 1792K, reserved 1048576K
}
Event: 5.741 GC heap before
{Heap before GC invocations=3 (full 0):
 PSYoungGen      total 153088K, used 153062K [0x0000000715b00000, 0x0000000720580000, 0x00000007c0000000)
  eden space 131584K, 100% used [0x0000000715b00000,0x000000071db80000,0x000000071db80000)
  from space 21504K, 99% used [0x000000071f080000,0x0000000720579818,0x0000000720580000)
  to   space 21504K, 0% used [0x000000071db80000,0x000000071db80000,0x000000071f080000)
 ParOldGen       total 349696K, used 18881K [0x00000005c1000000, 0x00000005d6580000, 0x0000000715b00000)
  object space 349696K, 5% used [0x00000005c1000000,0x00000005c2270418,0x00000005d6580000)
 Metaspace       used 17879K, capacity 18254K, committed 18560K, reserved 1067008K
  class space    used 1806K, capacity 1911K, committed 1920K, reserved 1048576K
Event: 5.752 GC heap after
Heap after GC invocations=3 (full 0):
 PSYoungGen      total 153088K, used 21503K [0x0000000715b00000, 0x0000000720580000, 0x00000007c0000000)
  eden space 131584K, 0% used [0x0000000715b00000,0x0000000715b00000,0x000000071db80000)
  from space 21504K, 99% used [0x000000071db80000,0x000000071f07fdd0,0x000000071f080000)
  to   space 21504K, 0% used [0x000000071f080000,0x000000071f080000,0x0000000720580000)
 ParOldGen       total 349696K, used 25801K [0x00000005c1000000, 0x00000005d6580000, 0x0000000715b00000)
  object space 349696K, 7% used [0x00000005c1000000,0x00000005c29325d0,0x00000005d6580000)
 Metaspace       used 17879K, capacity 18254K, committed 18560K, reserved 1067008K
  class space    used 1806K, capacity 1911K, committed 1920K, reserved 1048576K
}
Event: 6.455 GC heap before
{Heap before GC invocations=4 (full 0):
 PSYoungGen      total 153088K, used 153087K [0x0000000715b00000, 0x0000000720580000, 0x00000007c0000000)
  eden space 131584K, 100% used [0x0000000715b00000,0x000000071db80000,0x000000071db80000)
  from space 21504K, 99% used [0x000000071db80000,0x000000071f07fdd0,0x000000071f080000)
  to   space 21504K, 0% used [0x000000071f080000,0x000000071f080000,0x0000000720580000)
 ParOldGen       total 349696K, used 25801K [0x00000005c1000000, 0x00000005d6580000, 0x0000000715b00000)
  object space 349696K, 7% used [0x00000005c1000000,0x00000005c29325d0,0x00000005d6580000)
 Metaspace       used 18055K, capacity 18446K, committed 18560K, reserved 1067008K
  class space    used 1809K, capacity 1911K, committed 1920K, reserved 1048576K

